verticle<zskp> started
>>>ciname>>configs\tsDefault.prop
>>>ciname>>configs\rdsDefault.prop
removeAbandoned is true, not use in productiion.
{dataSource-1} inited
verticle<zskp> started
>>>ciname>>configs\tsDefault.prop
>>>ciname>>configs\rdsDefault.prop
removeAbandoned is true, not use in productiion.
{dataSource-1} inited
verticle<zskp> started
>>>ciname>>configs\tsDefault.prop
>>>ciname>>configs\rdsDefault.prop
removeAbandoned is true, not use in productiion.
{dataSource-1} inited
verticle<zskp> started
>>>ciname>>configs\tsDefault.prop
>>>ciname>>configs\rdsDefault.prop
removeAbandoned is true, not use in productiion.
{dataSource-1} inited
verticle<zskp> started
>>>ciname>>configs\tsDefault.prop
>>>ciname>>configs\rdsDefault.prop
removeAbandoned is true, not use in productiion.
{dataSource-1} inited
verticle<zskp> started
>>>ciname>>configs\tsDefault.prop
>>>ciname>>configs\rdsDefault.prop
removeAbandoned is true, not use in productiion.
{dataSource-1} inited
verticle<zskp> started
>>>ciname>>configs\tsDefault.prop
>>>ciname>>configs\rdsDefault.prop
removeAbandoned is true, not use in productiion.
verticle<zskp> started
>>>ciname>>configs\tsDefault.prop
>>>ciname>>configs\rdsDefault.prop
removeAbandoned is true, not use in productiion.
init datasource error, url: jdbc:mysql://rm-bp1p284w3qc3j9o96xo.mysql.rds.aliyuncs.com:3306/temptest?useUnicode=true&characterEncoding=utf-8
com.mysql.cj.jdbc.exceptions.CommunicationsException: Communications link failure

The last packet sent successfully to the server was 0 milliseconds ago. The driver has not received any packets from the server.
	at com.mysql.cj.jdbc.exceptions.SQLError.createCommunicationsException(SQLError.java:174)
	at com.mysql.cj.jdbc.exceptions.SQLExceptionsMapping.translateException(SQLExceptionsMapping.java:64)
	at com.mysql.cj.jdbc.ConnectionImpl.createNewIO(ConnectionImpl.java:827)
	at com.mysql.cj.jdbc.ConnectionImpl.<init>(ConnectionImpl.java:447)
	at com.mysql.cj.jdbc.ConnectionImpl.getInstance(ConnectionImpl.java:237)
	at com.mysql.cj.jdbc.NonRegisteringDriver.connect(NonRegisteringDriver.java:199)
	at com.alibaba.druid.filter.FilterChainImpl.connection_connect(FilterChainImpl.java:156)
	at com.alibaba.druid.filter.stat.StatFilter.connection_connect(StatFilter.java:218)
	at com.alibaba.druid.filter.FilterChainImpl.connection_connect(FilterChainImpl.java:150)
	at com.alibaba.druid.pool.DruidAbstractDataSource.createPhysicalConnection(DruidAbstractDataSource.java:1598)
	at com.alibaba.druid.pool.DruidAbstractDataSource.createPhysicalConnection(DruidAbstractDataSource.java:1662)
	at com.alibaba.druid.pool.DruidDataSource.init(DruidDataSource.java:932)
	at com.alibaba.druid.pool.DruidDataSource.getConnection(DruidDataSource.java:1369)
	at com.alibaba.druid.pool.DruidDataSource.getConnection(DruidDataSource.java:1365)
	at zyxhj.zskp.service.ZskpOtherContent.getApplyAuthoritys(ZskpOtherContent.java:346)
	at sun.reflect.NativeMethodAccessorImpl.invoke0(Native Method)
	at sun.reflect.NativeMethodAccessorImpl.invoke(NativeMethodAccessorImpl.java:62)
	at sun.reflect.DelegatingMethodAccessorImpl.invoke(DelegatingMethodAccessorImpl.java:43)
	at java.lang.reflect.Method.invoke(Method.java:498)
	at zyxhj.utils.api.Controller.invoke(Controller.java:417)
	at zyxhj.utils.api.Controller.execPostAPI(Controller.java:467)
	at zyxhj.utils.api.Controller.exec(Controller.java:284)
	at zyxhj.utils.ZeroVerticle.handleHttpRequest(ZeroVerticle.java:135)
	at io.vertx.ext.web.impl.RouteImpl.handleContext(RouteImpl.java:231)
	at io.vertx.ext.web.impl.RoutingContextImplBase.iterateNext(RoutingContextImplBase.java:121)
	at io.vertx.ext.web.impl.RoutingContextImpl.next(RoutingContextImpl.java:131)
	at io.vertx.ext.web.handler.impl.BodyHandlerImpl$BHandler.doEnd(BodyHandlerImpl.java:296)
	at io.vertx.ext.web.handler.impl.BodyHandlerImpl$BHandler.end(BodyHandlerImpl.java:276)
	at io.vertx.ext.web.handler.impl.BodyHandlerImpl.lambda$handle$0(BodyHandlerImpl.java:87)
	at io.vertx.core.http.impl.HttpServerRequestImpl.onEnd(HttpServerRequestImpl.java:529)
	at io.vertx.core.http.impl.HttpServerRequestImpl.handleEnd(HttpServerRequestImpl.java:515)
	at io.vertx.core.http.impl.Http1xServerConnection.handleEnd(Http1xServerConnection.java:175)
	at io.vertx.core.http.impl.Http1xServerConnection.handleContent(Http1xServerConnection.java:162)
	at io.vertx.core.http.impl.Http1xServerConnection.handleMessage(Http1xServerConnection.java:139)
	at io.vertx.core.impl.ContextImpl.executeTask(ContextImpl.java:369)
	at io.vertx.core.impl.EventLoopContext.execute(EventLoopContext.java:43)
	at io.vertx.core.impl.ContextImpl.executeFromIO(ContextImpl.java:232)
	at io.vertx.core.net.impl.VertxHandler.channelRead(VertxHandler.java:173)
	at io.netty.channel.AbstractChannelHandlerContext.invokeChannelRead(AbstractChannelHandlerContext.java:359)
	at io.netty.channel.AbstractChannelHandlerContext.invokeChannelRead(AbstractChannelHandlerContext.java:345)
	at io.netty.channel.AbstractChannelHandlerContext.fireChannelRead(AbstractChannelHandlerContext.java:337)
	at io.netty.handler.codec.ByteToMessageDecoder.fireChannelRead(ByteToMessageDecoder.java:323)
	at io.netty.handler.codec.ByteToMessageDecoder.channelRead(ByteToMessageDecoder.java:297)
	at io.netty.channel.AbstractChannelHandlerContext.invokeChannelRead(AbstractChannelHandlerContext.java:359)
	at io.netty.channel.AbstractChannelHandlerContext.invokeChannelRead(AbstractChannelHandlerContext.java:345)
	at io.netty.channel.AbstractChannelHandlerContext.fireChannelRead(AbstractChannelHandlerContext.java:337)
	at io.vertx.core.http.impl.Http1xOrH2CHandler.end(Http1xOrH2CHandler.java:61)
	at io.vertx.core.http.impl.Http1xOrH2CHandler.channelRead(Http1xOrH2CHandler.java:38)
	at io.netty.channel.AbstractChannelHandlerContext.invokeChannelRead(AbstractChannelHandlerContext.java:359)
	at io.netty.channel.AbstractChannelHandlerContext.invokeChannelRead(AbstractChannelHandlerContext.java:345)
	at io.netty.channel.AbstractChannelHandlerContext.fireChannelRead(AbstractChannelHandlerContext.java:337)
	at io.netty.channel.DefaultChannelPipeline$HeadContext.channelRead(DefaultChannelPipeline.java:1408)
	at io.netty.channel.AbstractChannelHandlerContext.invokeChannelRead(AbstractChannelHandlerContext.java:359)
	at io.netty.channel.AbstractChannelHandlerContext.invokeChannelRead(AbstractChannelHandlerContext.java:345)
	at io.netty.channel.DefaultChannelPipeline.fireChannelRead(DefaultChannelPipeline.java:930)
	at io.netty.channel.nio.AbstractNioByteChannel$NioByteUnsafe.read(AbstractNioByteChannel.java:163)
	at io.netty.channel.nio.NioEventLoop.processSelectedKey(NioEventLoop.java:677)
	at io.netty.channel.nio.NioEventLoop.processSelectedKeysOptimized(NioEventLoop.java:612)
	at io.netty.channel.nio.NioEventLoop.processSelectedKeys(NioEventLoop.java:529)
	at io.netty.channel.nio.NioEventLoop.run(NioEventLoop.java:491)
	at io.netty.util.concurrent.SingleThreadEventExecutor$5.run(SingleThreadEventExecutor.java:905)
	at io.netty.util.concurrent.FastThreadLocalRunnable.run(FastThreadLocalRunnable.java:30)
	at java.lang.Thread.run(Thread.java:748)
Caused by: com.mysql.cj.exceptions.CJCommunicationsException: Communications link failure

The last packet sent successfully to the server was 0 milliseconds ago. The driver has not received any packets from the server.
	at sun.reflect.NativeConstructorAccessorImpl.newInstance0(Native Method)
	at sun.reflect.NativeConstructorAccessorImpl.newInstance(NativeConstructorAccessorImpl.java:62)
	at sun.reflect.DelegatingConstructorAccessorImpl.newInstance(DelegatingConstructorAccessorImpl.java:45)
	at java.lang.reflect.Constructor.newInstance(Constructor.java:423)
	at com.mysql.cj.exceptions.ExceptionFactory.createException(ExceptionFactory.java:61)
	at com.mysql.cj.exceptions.ExceptionFactory.createException(ExceptionFactory.java:105)
	at com.mysql.cj.exceptions.ExceptionFactory.createException(ExceptionFactory.java:151)
	at com.mysql.cj.exceptions.ExceptionFactory.createCommunicationsException(ExceptionFactory.java:167)
	at com.mysql.cj.protocol.a.NativeSocketConnection.connect(NativeSocketConnection.java:91)
	at com.mysql.cj.NativeSession.connect(NativeSession.java:150)
	at com.mysql.cj.jdbc.ConnectionImpl.connectOneTryOnly(ConnectionImpl.java:947)
	at com.mysql.cj.jdbc.ConnectionImpl.createNewIO(ConnectionImpl.java:817)
	... 60 common frames omitted
Caused by: java.net.ConnectException: Connection timed out: connect
	at java.net.DualStackPlainSocketImpl.connect0(Native Method)
	at java.net.DualStackPlainSocketImpl.socketConnect(DualStackPlainSocketImpl.java:79)
	at java.net.AbstractPlainSocketImpl.doConnect(AbstractPlainSocketImpl.java:350)
	at java.net.AbstractPlainSocketImpl.connectToAddress(AbstractPlainSocketImpl.java:206)
	at java.net.AbstractPlainSocketImpl.connect(AbstractPlainSocketImpl.java:188)
	at java.net.PlainSocketImpl.connect(PlainSocketImpl.java:172)
	at java.net.SocksSocketImpl.connect(SocksSocketImpl.java:392)
	at java.net.Socket.connect(Socket.java:589)
	at com.mysql.cj.protocol.StandardSocketFactory.connect(StandardSocketFactory.java:155)
	at com.mysql.cj.protocol.a.NativeSocketConnection.connect(NativeSocketConnection.java:65)
	... 63 common frames omitted
{dataSource-1} init error
com.mysql.cj.jdbc.exceptions.CommunicationsException: Communications link failure

The last packet sent successfully to the server was 0 milliseconds ago. The driver has not received any packets from the server.
	at com.mysql.cj.jdbc.exceptions.SQLError.createCommunicationsException(SQLError.java:174)
	at com.mysql.cj.jdbc.exceptions.SQLExceptionsMapping.translateException(SQLExceptionsMapping.java:64)
	at com.mysql.cj.jdbc.ConnectionImpl.createNewIO(ConnectionImpl.java:827)
	at com.mysql.cj.jdbc.ConnectionImpl.<init>(ConnectionImpl.java:447)
	at com.mysql.cj.jdbc.ConnectionImpl.getInstance(ConnectionImpl.java:237)
	at com.mysql.cj.jdbc.NonRegisteringDriver.connect(NonRegisteringDriver.java:199)
	at com.alibaba.druid.filter.FilterChainImpl.connection_connect(FilterChainImpl.java:156)
	at com.alibaba.druid.filter.stat.StatFilter.connection_connect(StatFilter.java:218)
	at com.alibaba.druid.filter.FilterChainImpl.connection_connect(FilterChainImpl.java:150)
	at com.alibaba.druid.pool.DruidAbstractDataSource.createPhysicalConnection(DruidAbstractDataSource.java:1598)
	at com.alibaba.druid.pool.DruidAbstractDataSource.createPhysicalConnection(DruidAbstractDataSource.java:1662)
	at com.alibaba.druid.pool.DruidDataSource.init(DruidDataSource.java:932)
	at com.alibaba.druid.pool.DruidDataSource.getConnection(DruidDataSource.java:1369)
	at com.alibaba.druid.pool.DruidDataSource.getConnection(DruidDataSource.java:1365)
	at zyxhj.zskp.service.ZskpOtherContent.getApplyAuthoritys(ZskpOtherContent.java:346)
	at sun.reflect.NativeMethodAccessorImpl.invoke0(Native Method)
	at sun.reflect.NativeMethodAccessorImpl.invoke(NativeMethodAccessorImpl.java:62)
	at sun.reflect.DelegatingMethodAccessorImpl.invoke(DelegatingMethodAccessorImpl.java:43)
	at java.lang.reflect.Method.invoke(Method.java:498)
	at zyxhj.utils.api.Controller.invoke(Controller.java:417)
	at zyxhj.utils.api.Controller.execPostAPI(Controller.java:467)
	at zyxhj.utils.api.Controller.exec(Controller.java:284)
	at zyxhj.utils.ZeroVerticle.handleHttpRequest(ZeroVerticle.java:135)
	at io.vertx.ext.web.impl.RouteImpl.handleContext(RouteImpl.java:231)
	at io.vertx.ext.web.impl.RoutingContextImplBase.iterateNext(RoutingContextImplBase.java:121)
	at io.vertx.ext.web.impl.RoutingContextImpl.next(RoutingContextImpl.java:131)
	at io.vertx.ext.web.handler.impl.BodyHandlerImpl$BHandler.doEnd(BodyHandlerImpl.java:296)
	at io.vertx.ext.web.handler.impl.BodyHandlerImpl$BHandler.end(BodyHandlerImpl.java:276)
	at io.vertx.ext.web.handler.impl.BodyHandlerImpl.lambda$handle$0(BodyHandlerImpl.java:87)
	at io.vertx.core.http.impl.HttpServerRequestImpl.onEnd(HttpServerRequestImpl.java:529)
	at io.vertx.core.http.impl.HttpServerRequestImpl.handleEnd(HttpServerRequestImpl.java:515)
	at io.vertx.core.http.impl.Http1xServerConnection.handleEnd(Http1xServerConnection.java:175)
	at io.vertx.core.http.impl.Http1xServerConnection.handleContent(Http1xServerConnection.java:162)
	at io.vertx.core.http.impl.Http1xServerConnection.handleMessage(Http1xServerConnection.java:139)
	at io.vertx.core.impl.ContextImpl.executeTask(ContextImpl.java:369)
	at io.vertx.core.impl.EventLoopContext.execute(EventLoopContext.java:43)
	at io.vertx.core.impl.ContextImpl.executeFromIO(ContextImpl.java:232)
	at io.vertx.core.net.impl.VertxHandler.channelRead(VertxHandler.java:173)
	at io.netty.channel.AbstractChannelHandlerContext.invokeChannelRead(AbstractChannelHandlerContext.java:359)
	at io.netty.channel.AbstractChannelHandlerContext.invokeChannelRead(AbstractChannelHandlerContext.java:345)
	at io.netty.channel.AbstractChannelHandlerContext.fireChannelRead(AbstractChannelHandlerContext.java:337)
	at io.netty.handler.codec.ByteToMessageDecoder.fireChannelRead(ByteToMessageDecoder.java:323)
	at io.netty.handler.codec.ByteToMessageDecoder.channelRead(ByteToMessageDecoder.java:297)
	at io.netty.channel.AbstractChannelHandlerContext.invokeChannelRead(AbstractChannelHandlerContext.java:359)
	at io.netty.channel.AbstractChannelHandlerContext.invokeChannelRead(AbstractChannelHandlerContext.java:345)
	at io.netty.channel.AbstractChannelHandlerContext.fireChannelRead(AbstractChannelHandlerContext.java:337)
	at io.vertx.core.http.impl.Http1xOrH2CHandler.end(Http1xOrH2CHandler.java:61)
	at io.vertx.core.http.impl.Http1xOrH2CHandler.channelRead(Http1xOrH2CHandler.java:38)
	at io.netty.channel.AbstractChannelHandlerContext.invokeChannelRead(AbstractChannelHandlerContext.java:359)
	at io.netty.channel.AbstractChannelHandlerContext.invokeChannelRead(AbstractChannelHandlerContext.java:345)
	at io.netty.channel.AbstractChannelHandlerContext.fireChannelRead(AbstractChannelHandlerContext.java:337)
	at io.netty.channel.DefaultChannelPipeline$HeadContext.channelRead(DefaultChannelPipeline.java:1408)
	at io.netty.channel.AbstractChannelHandlerContext.invokeChannelRead(AbstractChannelHandlerContext.java:359)
	at io.netty.channel.AbstractChannelHandlerContext.invokeChannelRead(AbstractChannelHandlerContext.java:345)
	at io.netty.channel.DefaultChannelPipeline.fireChannelRead(DefaultChannelPipeline.java:930)
	at io.netty.channel.nio.AbstractNioByteChannel$NioByteUnsafe.read(AbstractNioByteChannel.java:163)
	at io.netty.channel.nio.NioEventLoop.processSelectedKey(NioEventLoop.java:677)
	at io.netty.channel.nio.NioEventLoop.processSelectedKeysOptimized(NioEventLoop.java:612)
	at io.netty.channel.nio.NioEventLoop.processSelectedKeys(NioEventLoop.java:529)
	at io.netty.channel.nio.NioEventLoop.run(NioEventLoop.java:491)
	at io.netty.util.concurrent.SingleThreadEventExecutor$5.run(SingleThreadEventExecutor.java:905)
	at io.netty.util.concurrent.FastThreadLocalRunnable.run(FastThreadLocalRunnable.java:30)
	at java.lang.Thread.run(Thread.java:748)
Caused by: com.mysql.cj.exceptions.CJCommunicationsException: Communications link failure

The last packet sent successfully to the server was 0 milliseconds ago. The driver has not received any packets from the server.
	at sun.reflect.NativeConstructorAccessorImpl.newInstance0(Native Method)
	at sun.reflect.NativeConstructorAccessorImpl.newInstance(NativeConstructorAccessorImpl.java:62)
	at sun.reflect.DelegatingConstructorAccessorImpl.newInstance(DelegatingConstructorAccessorImpl.java:45)
	at java.lang.reflect.Constructor.newInstance(Constructor.java:423)
	at com.mysql.cj.exceptions.ExceptionFactory.createException(ExceptionFactory.java:61)
	at com.mysql.cj.exceptions.ExceptionFactory.createException(ExceptionFactory.java:105)
	at com.mysql.cj.exceptions.ExceptionFactory.createException(ExceptionFactory.java:151)
	at com.mysql.cj.exceptions.ExceptionFactory.createCommunicationsException(ExceptionFactory.java:167)
	at com.mysql.cj.protocol.a.NativeSocketConnection.connect(NativeSocketConnection.java:91)
	at com.mysql.cj.NativeSession.connect(NativeSession.java:150)
	at com.mysql.cj.jdbc.ConnectionImpl.connectOneTryOnly(ConnectionImpl.java:947)
	at com.mysql.cj.jdbc.ConnectionImpl.createNewIO(ConnectionImpl.java:817)
	... 60 common frames omitted
Caused by: java.net.ConnectException: Connection timed out: connect
	at java.net.DualStackPlainSocketImpl.connect0(Native Method)
	at java.net.DualStackPlainSocketImpl.socketConnect(DualStackPlainSocketImpl.java:79)
	at java.net.AbstractPlainSocketImpl.doConnect(AbstractPlainSocketImpl.java:350)
	at java.net.AbstractPlainSocketImpl.connectToAddress(AbstractPlainSocketImpl.java:206)
	at java.net.AbstractPlainSocketImpl.connect(AbstractPlainSocketImpl.java:188)
	at java.net.PlainSocketImpl.connect(PlainSocketImpl.java:172)
	at java.net.SocksSocketImpl.connect(SocksSocketImpl.java:392)
	at java.net.Socket.connect(Socket.java:589)
	at com.mysql.cj.protocol.StandardSocketFactory.connect(StandardSocketFactory.java:155)
	at com.mysql.cj.protocol.a.NativeSocketConnection.connect(NativeSocketConnection.java:65)
	... 63 common frames omitted
{dataSource-1} inited
verticle<zskp> started
>>>ciname>>configs\tsDefault.prop
>>>ciname>>configs\rdsDefault.prop
removeAbandoned is true, not use in productiion.
{dataSource-1} inited
verticle<zskp> started
>>>ciname>>configs\tsDefault.prop
>>>ciname>>configs\rdsDefault.prop
removeAbandoned is true, not use in productiion.
{dataSource-1} inited
verticle<zskp> started
>>>ciname>>configs\tsDefault.prop
>>>ciname>>configs\rdsDefault.prop
removeAbandoned is true, not use in productiion.
{dataSource-1} inited
verticle<zskp> started
>>>ciname>>configs\tsDefault.prop
>>>ciname>>configs\rdsDefault.prop
removeAbandoned is true, not use in productiion.
{dataSource-1} inited
verticle<zskp> started
>>>ciname>>configs\tsDefault.prop
>>>ciname>>configs\rdsDefault.prop
removeAbandoned is true, not use in productiion.
{dataSource-1} inited
verticle<zskp> started
>>>ciname>>configs\tsDefault.prop
>>>ciname>>configs\rdsDefault.prop
removeAbandoned is true, not use in productiion.
{dataSource-1} inited
verticle<zskp> started
>>>ciname>>configs\tsDefault.prop
>>>ciname>>configs\rdsDefault.prop
removeAbandoned is true, not use in productiion.
{dataSource-1} inited
verticle<zskp> started
>>>ciname>>configs\tsDefault.prop
>>>ciname>>configs\rdsDefault.prop
removeAbandoned is true, not use in productiion.
{dataSource-1} inited
verticle<zskp> started
>>>ciname>>configs\tsDefault.prop
>>>ciname>>configs\rdsDefault.prop
removeAbandoned is true, not use in productiion.
{dataSource-1} inited
verticle<zskp> started
>>>ciname>>configs\tsDefault.prop
>>>ciname>>configs\rdsDefault.prop
removeAbandoned is true, not use in productiion.
{dataSource-1} inited
verticle<zskp> started
>>>ciname>>configs\tsDefault.prop
>>>ciname>>configs\rdsDefault.prop
removeAbandoned is true, not use in productiion.
{dataSource-1} inited
verticle<zskp> started
>>>ciname>>configs\tsDefault.prop
>>>ciname>>configs\rdsDefault.prop
removeAbandoned is true, not use in productiion.
{dataSource-1} inited
verticle<zskp> started
>>>ciname>>configs\tsDefault.prop
>>>ciname>>configs\rdsDefault.prop
removeAbandoned is true, not use in productiion.
{dataSource-1} inited
verticle<zskp> started
>>>ciname>>configs\tsDefault.prop
>>>ciname>>configs\rdsDefault.prop
removeAbandoned is true, not use in productiion.
{dataSource-1} inited
verticle<zskp> started
>>>ciname>>configs\tsDefault.prop
>>>ciname>>configs\rdsDefault.prop
removeAbandoned is true, not use in productiion.
{dataSource-1} inited
verticle<zskp> started
>>>ciname>>configs\tsDefault.prop
>>>ciname>>configs\rdsDefault.prop
removeAbandoned is true, not use in productiion.
{dataSource-1} inited
verticle<zskp> started
>>>ciname>>configs\tsDefault.prop
>>>ciname>>configs\rdsDefault.prop
removeAbandoned is true, not use in productiion.
{dataSource-1} inited
verticle<zskp> started
>>>ciname>>configs\tsDefault.prop
>>>ciname>>configs\rdsDefault.prop
removeAbandoned is true, not use in productiion.
{dataSource-1} inited
verticle<zskp> started
>>>ciname>>configs\tsDefault.prop
>>>ciname>>configs\rdsDefault.prop
removeAbandoned is true, not use in productiion.
{dataSource-1} inited
verticle<zskp> started
>>>ciname>>configs\tsDefault.prop
>>>ciname>>configs\rdsDefault.prop
removeAbandoned is true, not use in productiion.
{dataSource-1} inited
verticle<zskp> started
>>>ciname>>configs\tsDefault.prop
>>>ciname>>configs\rdsDefault.prop
removeAbandoned is true, not use in productiion.
{dataSource-1} inited
>>>ciname>>configs\rdsDefault.prop
removeAbandoned is true, not use in productiion.
{dataSource-1} inited
>>>ciname>>configs\rdsDefault.prop
verticle<zskp> started
>>>ciname>>configs\tsDefault.prop
>>>ciname>>configs\rdsDefault.prop
removeAbandoned is true, not use in productiion.
{dataSource-1} inited
verticle<zskp> started
>>>ciname>>configs\tsDefault.prop
>>>ciname>>configs\rdsDefault.prop
removeAbandoned is true, not use in productiion.
{dataSource-1} inited
verticle<zskp> started
>>>ciname>>configs\tsDefault.prop
>>>ciname>>configs\rdsDefault.prop
removeAbandoned is true, not use in productiion.
{dataSource-1} inited
verticle<zskp> started
>>>ciname>>configs\tsDefault.prop
>>>ciname>>configs\rdsDefault.prop
removeAbandoned is true, not use in productiion.
{dataSource-1} inited
verticle<zskp> started
>>>ciname>>configs\tsDefault.prop
>>>ciname>>configs\rdsDefault.prop
removeAbandoned is true, not use in productiion.
{dataSource-1} inited
verticle<zskp> started
>>>ciname>>configs\tsDefault.prop
>>>ciname>>configs\rdsDefault.prop
removeAbandoned is true, not use in productiion.
{dataSource-1} inited
verticle<zskp> started
>>>ciname>>configs\tsDefault.prop
>>>ciname>>configs\rdsDefault.prop
removeAbandoned is true, not use in productiion.
{dataSource-1} inited
verticle<zskp> started
>>>ciname>>configs\tsDefault.prop
>>>ciname>>configs\rdsDefault.prop
removeAbandoned is true, not use in productiion.
{dataSource-1} inited
>>>ciname>>configs\rdsDefault.prop
removeAbandoned is true, not use in productiion.
{dataSource-1} inited
>>>ciname>>configs\rdsDefault.prop
removeAbandoned is true, not use in productiion.
{dataSource-1} inited
>>>ciname>>configs\rdsDefault.prop
removeAbandoned is true, not use in productiion.
{dataSource-1} inited
>>>ciname>>configs\rdsDefault.prop
removeAbandoned is true, not use in productiion.
{dataSource-1} inited
verticle<zskp> started
>>>ciname>>configs\tsDefault.prop
>>>ciname>>configs\rdsDefault.prop
removeAbandoned is true, not use in productiion.
{dataSource-1} inited
verticle<zskp> started
>>>ciname>>configs\tsDefault.prop
>>>ciname>>configs\rdsDefault.prop
>>>ciname>>configs\rdsDefault.prop
removeAbandoned is true, not use in productiion.
{dataSource-1} inited
removeAbandoned is true, not use in productiion.
{dataSource-1} inited
>>>ciname>>configs\rdsDefault.prop
removeAbandoned is true, not use in productiion.
{dataSource-1} inited
>>>ciname>>configs\rdsDefault.prop
removeAbandoned is true, not use in productiion.
{dataSource-1} inited
>>>ciname>>configs\rdsDefault.prop
removeAbandoned is true, not use in productiion.
{dataSource-1} inited
>>>ciname>>configs\rdsDefault.prop
removeAbandoned is true, not use in productiion.
{dataSource-1} inited
verticle<zskp> started
>>>ciname>>configs\tsDefault.prop
>>>ciname>>configs\rdsDefault.prop
removeAbandoned is true, not use in productiion.
{dataSource-1} inited
verticle<zskp> started
>>>ciname>>configs\tsDefault.prop
>>>ciname>>configs\rdsDefault.prop
removeAbandoned is true, not use in productiion.
{dataSource-1} inited
verticle<zskp> started
>>>ciname>>configs\tsDefault.prop
>>>ciname>>configs\rdsDefault.prop
removeAbandoned is true, not use in productiion.
{dataSource-1} inited
verticle<zskp> started
>>>ciname>>configs\tsDefault.prop
>>>ciname>>configs\rdsDefault.prop
removeAbandoned is true, not use in productiion.
{dataSource-1} inited
verticle<zskp> started
>>>ciname>>configs\tsDefault.prop
>>>ciname>>configs\rdsDefault.prop
verticle<zskp> started
>>>ciname>>configs\tsDefault.prop
>>>ciname>>configs\rdsDefault.prop
removeAbandoned is true, not use in productiion.
{dataSource-1} inited
verticle<zskp> started
>>>ciname>>configs\tsDefault.prop
>>>ciname>>configs\rdsDefault.prop
removeAbandoned is true, not use in productiion.
{dataSource-1} inited
verticle<zskp> started
>>>ciname>>configs\tsDefault.prop
>>>ciname>>configs\rdsDefault.prop
removeAbandoned is true, not use in productiion.
{dataSource-1} inited
verticle<zskp> started
>>>ciname>>configs\tsDefault.prop
>>>ciname>>configs\rdsDefault.prop
verticle<zskp> started
>>>ciname>>configs\tsDefault.prop
>>>ciname>>configs\rdsDefault.prop
removeAbandoned is true, not use in productiion.
{dataSource-1} inited
verticle<zskp> started
>>>ciname>>configs\tsDefault.prop
>>>ciname>>configs\rdsDefault.prop
removeAbandoned is true, not use in productiion.
{dataSource-1} inited
verticle<zskp> started
>>>ciname>>configs\tsDefault.prop
>>>ciname>>configs\rdsDefault.prop
removeAbandoned is true, not use in productiion.
{dataSource-1} inited
verticle<zskp> started
>>>ciname>>configs\tsDefault.prop
>>>ciname>>configs\rdsDefault.prop
removeAbandoned is true, not use in productiion.
{dataSource-1} inited
verticle<zskp> started
>>>ciname>>configs\tsDefault.prop
>>>ciname>>configs\rdsDefault.prop
removeAbandoned is true, not use in productiion.
{dataSource-1} inited
verticle<zskp> started
>>>ciname>>configs\tsDefault.prop
>>>ciname>>configs\rdsDefault.prop
removeAbandoned is true, not use in productiion.
{dataSource-1} inited
verticle<zskp> started
>>>ciname>>configs\tsDefault.prop
>>>ciname>>configs\rdsDefault.prop
removeAbandoned is true, not use in productiion.
{dataSource-1} inited
