verticle<zskp> started
>>>ciname>>configs\tsDefault.prop
configs\tsDefault.prop (系统找不到指定的路径。)
java.io.FileNotFoundException: configs\tsDefault.prop (系统找不到指定的路径。)
	at java.io.FileInputStream.open0(Native Method)
	at java.io.FileInputStream.open(FileInputStream.java:195)
	at java.io.FileInputStream.<init>(FileInputStream.java:138)
	at java.io.FileInputStream.<init>(FileInputStream.java:93)
	at zyxhj.utils.data.DataSource.getTableStoreSyncClient(DataSource.java:44)
	at zyxhj.cms.service.AppraiseService.<init>(AppraiseService.java:37)
	at sun.reflect.NativeConstructorAccessorImpl.newInstance0(Native Method)
	at sun.reflect.NativeConstructorAccessorImpl.newInstance(NativeConstructorAccessorImpl.java:62)
	at sun.reflect.DelegatingConstructorAccessorImpl.newInstance(DelegatingConstructorAccessorImpl.java:45)
	at java.lang.reflect.Constructor.newInstance(Constructor.java:423)
	at zyxhj.utils.Singleton.ins(Singleton.java:32)
	at xhj.cn.start.ZSKPVerticle.init(ZSKPVerticle.java:33)
	at zyxhj.utils.ZeroVerticle.start(ZeroVerticle.java:47)
	at io.vertx.core.AbstractVerticle.start(AbstractVerticle.java:106)
	at io.vertx.core.Verticle.start(Verticle.java:66)
	at io.vertx.core.impl.DeploymentManager.lambda$doDeploy$8(DeploymentManager.java:557)
	at io.vertx.core.impl.ContextImpl.executeTask(ContextImpl.java:369)
	at io.vertx.core.impl.EventLoopContext.lambda$executeAsync$0(EventLoopContext.java:38)
	at io.netty.util.concurrent.AbstractEventExecutor.safeExecute(AbstractEventExecutor.java:163)
	at io.netty.util.concurrent.SingleThreadEventExecutor.runAllTasks(SingleThreadEventExecutor.java:404)
	at io.netty.channel.nio.NioEventLoop.run(NioEventLoop.java:495)
	at io.netty.util.concurrent.SingleThreadEventExecutor$5.run(SingleThreadEventExecutor.java:905)
	at io.netty.util.concurrent.FastThreadLocalRunnable.run(FastThreadLocalRunnable.java:30)
	at java.lang.Thread.run(Thread.java:748)
>>>ciname>>configs\rdsDefault.prop
configs\rdsDefault.prop (系统找不到指定的路径。)
java.io.FileNotFoundException: configs\rdsDefault.prop (系统找不到指定的路径。)
	at java.io.FileInputStream.open0(Native Method)
	at java.io.FileInputStream.open(FileInputStream.java:195)
	at java.io.FileInputStream.<init>(FileInputStream.java:138)
	at java.io.FileInputStream.<init>(FileInputStream.java:93)
	at zyxhj.utils.data.DataSource.getDruidDataSource(DataSource.java:90)
	at zyxhj.cms.service.ChannelService.<init>(ChannelService.java:36)
	at sun.reflect.NativeConstructorAccessorImpl.newInstance0(Native Method)
	at sun.reflect.NativeConstructorAccessorImpl.newInstance(NativeConstructorAccessorImpl.java:62)
	at sun.reflect.DelegatingConstructorAccessorImpl.newInstance(DelegatingConstructorAccessorImpl.java:45)
	at java.lang.reflect.Constructor.newInstance(Constructor.java:423)
	at zyxhj.utils.Singleton.ins(Singleton.java:32)
	at xhj.cn.start.ZSKPVerticle.init(ZSKPVerticle.java:35)
	at zyxhj.utils.ZeroVerticle.start(ZeroVerticle.java:47)
	at io.vertx.core.AbstractVerticle.start(AbstractVerticle.java:106)
	at io.vertx.core.Verticle.start(Verticle.java:66)
	at io.vertx.core.impl.DeploymentManager.lambda$doDeploy$8(DeploymentManager.java:557)
	at io.vertx.core.impl.ContextImpl.executeTask(ContextImpl.java:369)
	at io.vertx.core.impl.EventLoopContext.lambda$executeAsync$0(EventLoopContext.java:38)
	at io.netty.util.concurrent.AbstractEventExecutor.safeExecute(AbstractEventExecutor.java:163)
	at io.netty.util.concurrent.SingleThreadEventExecutor.runAllTasks(SingleThreadEventExecutor.java:404)
	at io.netty.channel.nio.NioEventLoop.run(NioEventLoop.java:495)
	at io.netty.util.concurrent.SingleThreadEventExecutor$5.run(SingleThreadEventExecutor.java:905)
	at io.netty.util.concurrent.FastThreadLocalRunnable.run(FastThreadLocalRunnable.java:30)
	at java.lang.Thread.run(Thread.java:748)
>>>ciname>>configs\rdsDefault.prop
configs\rdsDefault.prop (系统找不到指定的路径。)
java.io.FileNotFoundException: configs\rdsDefault.prop (系统找不到指定的路径。)
	at java.io.FileInputStream.open0(Native Method)
	at java.io.FileInputStream.open(FileInputStream.java:195)
	at java.io.FileInputStream.<init>(FileInputStream.java:138)
	at java.io.FileInputStream.<init>(FileInputStream.java:93)
	at zyxhj.utils.data.DataSource.getDruidDataSource(DataSource.java:90)
	at zyxhj.cms.service.ChannelTagService.<init>(ChannelTagService.java:32)
	at sun.reflect.NativeConstructorAccessorImpl.newInstance0(Native Method)
	at sun.reflect.NativeConstructorAccessorImpl.newInstance(NativeConstructorAccessorImpl.java:62)
	at sun.reflect.DelegatingConstructorAccessorImpl.newInstance(DelegatingConstructorAccessorImpl.java:45)
	at java.lang.reflect.Constructor.newInstance(Constructor.java:423)
	at zyxhj.utils.Singleton.ins(Singleton.java:32)
	at xhj.cn.start.ZSKPVerticle.init(ZSKPVerticle.java:36)
	at zyxhj.utils.ZeroVerticle.start(ZeroVerticle.java:47)
	at io.vertx.core.AbstractVerticle.start(AbstractVerticle.java:106)
	at io.vertx.core.Verticle.start(Verticle.java:66)
	at io.vertx.core.impl.DeploymentManager.lambda$doDeploy$8(DeploymentManager.java:557)
	at io.vertx.core.impl.ContextImpl.executeTask(ContextImpl.java:369)
	at io.vertx.core.impl.EventLoopContext.lambda$executeAsync$0(EventLoopContext.java:38)
	at io.netty.util.concurrent.AbstractEventExecutor.safeExecute(AbstractEventExecutor.java:163)
	at io.netty.util.concurrent.SingleThreadEventExecutor.runAllTasks(SingleThreadEventExecutor.java:404)
	at io.netty.channel.nio.NioEventLoop.run(NioEventLoop.java:495)
	at io.netty.util.concurrent.SingleThreadEventExecutor$5.run(SingleThreadEventExecutor.java:905)
	at io.netty.util.concurrent.FastThreadLocalRunnable.run(FastThreadLocalRunnable.java:30)
	at java.lang.Thread.run(Thread.java:748)
>>>ciname>>configs\rdsDefault.prop
configs\rdsDefault.prop (系统找不到指定的路径。)
java.io.FileNotFoundException: configs\rdsDefault.prop (系统找不到指定的路径。)
	at java.io.FileInputStream.open0(Native Method)
	at java.io.FileInputStream.open(FileInputStream.java:195)
	at java.io.FileInputStream.<init>(FileInputStream.java:138)
	at java.io.FileInputStream.<init>(FileInputStream.java:93)
	at zyxhj.utils.data.DataSource.getDruidDataSource(DataSource.java:90)
	at zyxhj.cms.service.ContentService.<init>(ContentService.java:41)
	at sun.reflect.NativeConstructorAccessorImpl.newInstance0(Native Method)
	at sun.reflect.NativeConstructorAccessorImpl.newInstance(NativeConstructorAccessorImpl.java:62)
	at sun.reflect.DelegatingConstructorAccessorImpl.newInstance(DelegatingConstructorAccessorImpl.java:45)
	at java.lang.reflect.Constructor.newInstance(Constructor.java:423)
	at zyxhj.utils.Singleton.ins(Singleton.java:32)
	at xhj.cn.start.ZSKPVerticle.init(ZSKPVerticle.java:38)
	at zyxhj.utils.ZeroVerticle.start(ZeroVerticle.java:47)
	at io.vertx.core.AbstractVerticle.start(AbstractVerticle.java:106)
	at io.vertx.core.Verticle.start(Verticle.java:66)
	at io.vertx.core.impl.DeploymentManager.lambda$doDeploy$8(DeploymentManager.java:557)
	at io.vertx.core.impl.ContextImpl.executeTask(ContextImpl.java:369)
	at io.vertx.core.impl.EventLoopContext.lambda$executeAsync$0(EventLoopContext.java:38)
	at io.netty.util.concurrent.AbstractEventExecutor.safeExecute(AbstractEventExecutor.java:163)
	at io.netty.util.concurrent.SingleThreadEventExecutor.runAllTasks(SingleThreadEventExecutor.java:404)
	at io.netty.channel.nio.NioEventLoop.run(NioEventLoop.java:495)
	at io.netty.util.concurrent.SingleThreadEventExecutor$5.run(SingleThreadEventExecutor.java:905)
	at io.netty.util.concurrent.FastThreadLocalRunnable.run(FastThreadLocalRunnable.java:30)
	at java.lang.Thread.run(Thread.java:748)
>>>ciname>>configs\rdsDefault.prop
configs\rdsDefault.prop (系统找不到指定的路径。)
java.io.FileNotFoundException: configs\rdsDefault.prop (系统找不到指定的路径。)
	at java.io.FileInputStream.open0(Native Method)
	at java.io.FileInputStream.open(FileInputStream.java:195)
	at java.io.FileInputStream.<init>(FileInputStream.java:138)
	at java.io.FileInputStream.<init>(FileInputStream.java:93)
	at zyxhj.utils.data.DataSource.getDruidDataSource(DataSource.java:90)
	at zyxhj.cms.service.ContentTagService.<init>(ContentTagService.java:32)
	at sun.reflect.NativeConstructorAccessorImpl.newInstance0(Native Method)
	at sun.reflect.NativeConstructorAccessorImpl.newInstance(NativeConstructorAccessorImpl.java:62)
	at sun.reflect.DelegatingConstructorAccessorImpl.newInstance(DelegatingConstructorAccessorImpl.java:45)
	at java.lang.reflect.Constructor.newInstance(Constructor.java:423)
	at zyxhj.utils.Singleton.ins(Singleton.java:32)
	at xhj.cn.start.ZSKPVerticle.init(ZSKPVerticle.java:39)
	at zyxhj.utils.ZeroVerticle.start(ZeroVerticle.java:47)
	at io.vertx.core.AbstractVerticle.start(AbstractVerticle.java:106)
	at io.vertx.core.Verticle.start(Verticle.java:66)
	at io.vertx.core.impl.DeploymentManager.lambda$doDeploy$8(DeploymentManager.java:557)
	at io.vertx.core.impl.ContextImpl.executeTask(ContextImpl.java:369)
	at io.vertx.core.impl.EventLoopContext.lambda$executeAsync$0(EventLoopContext.java:38)
	at io.netty.util.concurrent.AbstractEventExecutor.safeExecute(AbstractEventExecutor.java:163)
	at io.netty.util.concurrent.SingleThreadEventExecutor.runAllTasks(SingleThreadEventExecutor.java:404)
	at io.netty.channel.nio.NioEventLoop.run(NioEventLoop.java:495)
	at io.netty.util.concurrent.SingleThreadEventExecutor$5.run(SingleThreadEventExecutor.java:905)
	at io.netty.util.concurrent.FastThreadLocalRunnable.run(FastThreadLocalRunnable.java:30)
	at java.lang.Thread.run(Thread.java:748)
>>>ciname>>configs\rdsDefault.prop
configs\rdsDefault.prop (系统找不到指定的路径。)
java.io.FileNotFoundException: configs\rdsDefault.prop (系统找不到指定的路径。)
	at java.io.FileInputStream.open0(Native Method)
	at java.io.FileInputStream.open(FileInputStream.java:195)
	at java.io.FileInputStream.<init>(FileInputStream.java:138)
	at java.io.FileInputStream.<init>(FileInputStream.java:93)
	at zyxhj.utils.data.DataSource.getDruidDataSource(DataSource.java:90)
	at zyxhj.cms.service.ReplyService.<init>(ReplyService.java:56)
	at sun.reflect.NativeConstructorAccessorImpl.newInstance0(Native Method)
	at sun.reflect.NativeConstructorAccessorImpl.newInstance(NativeConstructorAccessorImpl.java:62)
	at sun.reflect.DelegatingConstructorAccessorImpl.newInstance(DelegatingConstructorAccessorImpl.java:45)
	at java.lang.reflect.Constructor.newInstance(Constructor.java:423)
	at zyxhj.utils.Singleton.ins(Singleton.java:32)
	at xhj.cn.start.ZSKPVerticle.init(ZSKPVerticle.java:41)
	at zyxhj.utils.ZeroVerticle.start(ZeroVerticle.java:47)
	at io.vertx.core.AbstractVerticle.start(AbstractVerticle.java:106)
	at io.vertx.core.Verticle.start(Verticle.java:66)
	at io.vertx.core.impl.DeploymentManager.lambda$doDeploy$8(DeploymentManager.java:557)
	at io.vertx.core.impl.ContextImpl.executeTask(ContextImpl.java:369)
	at io.vertx.core.impl.EventLoopContext.lambda$executeAsync$0(EventLoopContext.java:38)
	at io.netty.util.concurrent.AbstractEventExecutor.safeExecute(AbstractEventExecutor.java:163)
	at io.netty.util.concurrent.SingleThreadEventExecutor.runAllTasks(SingleThreadEventExecutor.java:404)
	at io.netty.channel.nio.NioEventLoop.run(NioEventLoop.java:495)
	at io.netty.util.concurrent.SingleThreadEventExecutor$5.run(SingleThreadEventExecutor.java:905)
	at io.netty.util.concurrent.FastThreadLocalRunnable.run(FastThreadLocalRunnable.java:30)
	at java.lang.Thread.run(Thread.java:748)
verticle<zskp> started
>>>ciname>>configs\tsDefault.prop
configs\tsDefault.prop (系统找不到指定的路径。)
java.io.FileNotFoundException: configs\tsDefault.prop (系统找不到指定的路径。)
	at java.io.FileInputStream.open0(Native Method)
	at java.io.FileInputStream.open(FileInputStream.java:195)
	at java.io.FileInputStream.<init>(FileInputStream.java:138)
	at java.io.FileInputStream.<init>(FileInputStream.java:93)
	at zyxhj.utils.data.DataSource.getTableStoreSyncClient(DataSource.java:44)
	at zyxhj.cms.service.AppraiseService.<init>(AppraiseService.java:37)
	at sun.reflect.NativeConstructorAccessorImpl.newInstance0(Native Method)
	at sun.reflect.NativeConstructorAccessorImpl.newInstance(NativeConstructorAccessorImpl.java:62)
	at sun.reflect.DelegatingConstructorAccessorImpl.newInstance(DelegatingConstructorAccessorImpl.java:45)
	at java.lang.reflect.Constructor.newInstance(Constructor.java:423)
	at zyxhj.utils.Singleton.ins(Singleton.java:32)
	at xhj.cn.start.ZSKPVerticle.init(ZSKPVerticle.java:33)
	at zyxhj.utils.ZeroVerticle.start(ZeroVerticle.java:47)
	at io.vertx.core.AbstractVerticle.start(AbstractVerticle.java:106)
	at io.vertx.core.Verticle.start(Verticle.java:66)
	at io.vertx.core.impl.DeploymentManager.lambda$doDeploy$8(DeploymentManager.java:557)
	at io.vertx.core.impl.ContextImpl.executeTask(ContextImpl.java:369)
	at io.vertx.core.impl.EventLoopContext.lambda$executeAsync$0(EventLoopContext.java:38)
	at io.netty.util.concurrent.AbstractEventExecutor.safeExecute(AbstractEventExecutor.java:163)
	at io.netty.util.concurrent.SingleThreadEventExecutor.runAllTasks(SingleThreadEventExecutor.java:404)
	at io.netty.channel.nio.NioEventLoop.run(NioEventLoop.java:495)
	at io.netty.util.concurrent.SingleThreadEventExecutor$5.run(SingleThreadEventExecutor.java:905)
	at io.netty.util.concurrent.FastThreadLocalRunnable.run(FastThreadLocalRunnable.java:30)
	at java.lang.Thread.run(Thread.java:748)
>>>ciname>>configs\rdsDefault.prop
configs\rdsDefault.prop (系统找不到指定的路径。)
java.io.FileNotFoundException: configs\rdsDefault.prop (系统找不到指定的路径。)
	at java.io.FileInputStream.open0(Native Method)
	at java.io.FileInputStream.open(FileInputStream.java:195)
	at java.io.FileInputStream.<init>(FileInputStream.java:138)
	at java.io.FileInputStream.<init>(FileInputStream.java:93)
	at zyxhj.utils.data.DataSource.getDruidDataSource(DataSource.java:90)
	at zyxhj.cms.service.ChannelService.<init>(ChannelService.java:36)
	at sun.reflect.NativeConstructorAccessorImpl.newInstance0(Native Method)
	at sun.reflect.NativeConstructorAccessorImpl.newInstance(NativeConstructorAccessorImpl.java:62)
	at sun.reflect.DelegatingConstructorAccessorImpl.newInstance(DelegatingConstructorAccessorImpl.java:45)
	at java.lang.reflect.Constructor.newInstance(Constructor.java:423)
	at zyxhj.utils.Singleton.ins(Singleton.java:32)
	at xhj.cn.start.ZSKPVerticle.init(ZSKPVerticle.java:35)
	at zyxhj.utils.ZeroVerticle.start(ZeroVerticle.java:47)
	at io.vertx.core.AbstractVerticle.start(AbstractVerticle.java:106)
	at io.vertx.core.Verticle.start(Verticle.java:66)
	at io.vertx.core.impl.DeploymentManager.lambda$doDeploy$8(DeploymentManager.java:557)
	at io.vertx.core.impl.ContextImpl.executeTask(ContextImpl.java:369)
	at io.vertx.core.impl.EventLoopContext.lambda$executeAsync$0(EventLoopContext.java:38)
	at io.netty.util.concurrent.AbstractEventExecutor.safeExecute(AbstractEventExecutor.java:163)
	at io.netty.util.concurrent.SingleThreadEventExecutor.runAllTasks(SingleThreadEventExecutor.java:404)
	at io.netty.channel.nio.NioEventLoop.run(NioEventLoop.java:495)
	at io.netty.util.concurrent.SingleThreadEventExecutor$5.run(SingleThreadEventExecutor.java:905)
	at io.netty.util.concurrent.FastThreadLocalRunnable.run(FastThreadLocalRunnable.java:30)
	at java.lang.Thread.run(Thread.java:748)
>>>ciname>>configs\rdsDefault.prop
configs\rdsDefault.prop (系统找不到指定的路径。)
java.io.FileNotFoundException: configs\rdsDefault.prop (系统找不到指定的路径。)
	at java.io.FileInputStream.open0(Native Method)
	at java.io.FileInputStream.open(FileInputStream.java:195)
	at java.io.FileInputStream.<init>(FileInputStream.java:138)
	at java.io.FileInputStream.<init>(FileInputStream.java:93)
	at zyxhj.utils.data.DataSource.getDruidDataSource(DataSource.java:90)
	at zyxhj.cms.service.ChannelTagService.<init>(ChannelTagService.java:32)
	at sun.reflect.NativeConstructorAccessorImpl.newInstance0(Native Method)
	at sun.reflect.NativeConstructorAccessorImpl.newInstance(NativeConstructorAccessorImpl.java:62)
	at sun.reflect.DelegatingConstructorAccessorImpl.newInstance(DelegatingConstructorAccessorImpl.java:45)
	at java.lang.reflect.Constructor.newInstance(Constructor.java:423)
	at zyxhj.utils.Singleton.ins(Singleton.java:32)
	at xhj.cn.start.ZSKPVerticle.init(ZSKPVerticle.java:36)
	at zyxhj.utils.ZeroVerticle.start(ZeroVerticle.java:47)
	at io.vertx.core.AbstractVerticle.start(AbstractVerticle.java:106)
	at io.vertx.core.Verticle.start(Verticle.java:66)
	at io.vertx.core.impl.DeploymentManager.lambda$doDeploy$8(DeploymentManager.java:557)
	at io.vertx.core.impl.ContextImpl.executeTask(ContextImpl.java:369)
	at io.vertx.core.impl.EventLoopContext.lambda$executeAsync$0(EventLoopContext.java:38)
	at io.netty.util.concurrent.AbstractEventExecutor.safeExecute(AbstractEventExecutor.java:163)
	at io.netty.util.concurrent.SingleThreadEventExecutor.runAllTasks(SingleThreadEventExecutor.java:404)
	at io.netty.channel.nio.NioEventLoop.run(NioEventLoop.java:495)
	at io.netty.util.concurrent.SingleThreadEventExecutor$5.run(SingleThreadEventExecutor.java:905)
	at io.netty.util.concurrent.FastThreadLocalRunnable.run(FastThreadLocalRunnable.java:30)
	at java.lang.Thread.run(Thread.java:748)
>>>ciname>>configs\rdsDefault.prop
configs\rdsDefault.prop (系统找不到指定的路径。)
java.io.FileNotFoundException: configs\rdsDefault.prop (系统找不到指定的路径。)
	at java.io.FileInputStream.open0(Native Method)
	at java.io.FileInputStream.open(FileInputStream.java:195)
	at java.io.FileInputStream.<init>(FileInputStream.java:138)
	at java.io.FileInputStream.<init>(FileInputStream.java:93)
	at zyxhj.utils.data.DataSource.getDruidDataSource(DataSource.java:90)
	at zyxhj.cms.service.ContentService.<init>(ContentService.java:41)
	at sun.reflect.NativeConstructorAccessorImpl.newInstance0(Native Method)
	at sun.reflect.NativeConstructorAccessorImpl.newInstance(NativeConstructorAccessorImpl.java:62)
	at sun.reflect.DelegatingConstructorAccessorImpl.newInstance(DelegatingConstructorAccessorImpl.java:45)
	at java.lang.reflect.Constructor.newInstance(Constructor.java:423)
	at zyxhj.utils.Singleton.ins(Singleton.java:32)
	at xhj.cn.start.ZSKPVerticle.init(ZSKPVerticle.java:38)
	at zyxhj.utils.ZeroVerticle.start(ZeroVerticle.java:47)
	at io.vertx.core.AbstractVerticle.start(AbstractVerticle.java:106)
	at io.vertx.core.Verticle.start(Verticle.java:66)
	at io.vertx.core.impl.DeploymentManager.lambda$doDeploy$8(DeploymentManager.java:557)
	at io.vertx.core.impl.ContextImpl.executeTask(ContextImpl.java:369)
	at io.vertx.core.impl.EventLoopContext.lambda$executeAsync$0(EventLoopContext.java:38)
	at io.netty.util.concurrent.AbstractEventExecutor.safeExecute(AbstractEventExecutor.java:163)
	at io.netty.util.concurrent.SingleThreadEventExecutor.runAllTasks(SingleThreadEventExecutor.java:404)
	at io.netty.channel.nio.NioEventLoop.run(NioEventLoop.java:495)
	at io.netty.util.concurrent.SingleThreadEventExecutor$5.run(SingleThreadEventExecutor.java:905)
	at io.netty.util.concurrent.FastThreadLocalRunnable.run(FastThreadLocalRunnable.java:30)
	at java.lang.Thread.run(Thread.java:748)
>>>ciname>>configs\rdsDefault.prop
configs\rdsDefault.prop (系统找不到指定的路径。)
java.io.FileNotFoundException: configs\rdsDefault.prop (系统找不到指定的路径。)
	at java.io.FileInputStream.open0(Native Method)
	at java.io.FileInputStream.open(FileInputStream.java:195)
	at java.io.FileInputStream.<init>(FileInputStream.java:138)
	at java.io.FileInputStream.<init>(FileInputStream.java:93)
	at zyxhj.utils.data.DataSource.getDruidDataSource(DataSource.java:90)
	at zyxhj.cms.service.ContentTagService.<init>(ContentTagService.java:32)
	at sun.reflect.NativeConstructorAccessorImpl.newInstance0(Native Method)
	at sun.reflect.NativeConstructorAccessorImpl.newInstance(NativeConstructorAccessorImpl.java:62)
	at sun.reflect.DelegatingConstructorAccessorImpl.newInstance(DelegatingConstructorAccessorImpl.java:45)
	at java.lang.reflect.Constructor.newInstance(Constructor.java:423)
	at zyxhj.utils.Singleton.ins(Singleton.java:32)
	at xhj.cn.start.ZSKPVerticle.init(ZSKPVerticle.java:39)
	at zyxhj.utils.ZeroVerticle.start(ZeroVerticle.java:47)
	at io.vertx.core.AbstractVerticle.start(AbstractVerticle.java:106)
	at io.vertx.core.Verticle.start(Verticle.java:66)
	at io.vertx.core.impl.DeploymentManager.lambda$doDeploy$8(DeploymentManager.java:557)
	at io.vertx.core.impl.ContextImpl.executeTask(ContextImpl.java:369)
	at io.vertx.core.impl.EventLoopContext.lambda$executeAsync$0(EventLoopContext.java:38)
	at io.netty.util.concurrent.AbstractEventExecutor.safeExecute(AbstractEventExecutor.java:163)
	at io.netty.util.concurrent.SingleThreadEventExecutor.runAllTasks(SingleThreadEventExecutor.java:404)
	at io.netty.channel.nio.NioEventLoop.run(NioEventLoop.java:495)
	at io.netty.util.concurrent.SingleThreadEventExecutor$5.run(SingleThreadEventExecutor.java:905)
	at io.netty.util.concurrent.FastThreadLocalRunnable.run(FastThreadLocalRunnable.java:30)
	at java.lang.Thread.run(Thread.java:748)
>>>ciname>>configs\rdsDefault.prop
configs\rdsDefault.prop (系统找不到指定的路径。)
java.io.FileNotFoundException: configs\rdsDefault.prop (系统找不到指定的路径。)
	at java.io.FileInputStream.open0(Native Method)
	at java.io.FileInputStream.open(FileInputStream.java:195)
	at java.io.FileInputStream.<init>(FileInputStream.java:138)
	at java.io.FileInputStream.<init>(FileInputStream.java:93)
	at zyxhj.utils.data.DataSource.getDruidDataSource(DataSource.java:90)
	at zyxhj.cms.service.ReplyService.<init>(ReplyService.java:56)
	at sun.reflect.NativeConstructorAccessorImpl.newInstance0(Native Method)
	at sun.reflect.NativeConstructorAccessorImpl.newInstance(NativeConstructorAccessorImpl.java:62)
	at sun.reflect.DelegatingConstructorAccessorImpl.newInstance(DelegatingConstructorAccessorImpl.java:45)
	at java.lang.reflect.Constructor.newInstance(Constructor.java:423)
	at zyxhj.utils.Singleton.ins(Singleton.java:32)
	at xhj.cn.start.ZSKPVerticle.init(ZSKPVerticle.java:41)
	at zyxhj.utils.ZeroVerticle.start(ZeroVerticle.java:47)
	at io.vertx.core.AbstractVerticle.start(AbstractVerticle.java:106)
	at io.vertx.core.Verticle.start(Verticle.java:66)
	at io.vertx.core.impl.DeploymentManager.lambda$doDeploy$8(DeploymentManager.java:557)
	at io.vertx.core.impl.ContextImpl.executeTask(ContextImpl.java:369)
	at io.vertx.core.impl.EventLoopContext.lambda$executeAsync$0(EventLoopContext.java:38)
	at io.netty.util.concurrent.AbstractEventExecutor.safeExecute(AbstractEventExecutor.java:163)
	at io.netty.util.concurrent.SingleThreadEventExecutor.runAllTasks(SingleThreadEventExecutor.java:404)
	at io.netty.channel.nio.NioEventLoop.run(NioEventLoop.java:495)
	at io.netty.util.concurrent.SingleThreadEventExecutor$5.run(SingleThreadEventExecutor.java:905)
	at io.netty.util.concurrent.FastThreadLocalRunnable.run(FastThreadLocalRunnable.java:30)
	at java.lang.Thread.run(Thread.java:748)
