verticle<zskp> started
>>>ciname>>configs\tsDefault.prop
>>>ciname>>configs\rdsDefault.prop
removeAbandoned is true, not use in productiion.
{dataSource-1} inited
verticle<zskp> started
>>>ciname>>configs\tsDefault.prop
>>>ciname>>configs\rdsDefault.prop
removeAbandoned is true, not use in productiion.
{dataSource-1} inited
verticle<zskp> started
>>>ciname>>configs\tsDefault.prop
>>>ciname>>configs\rdsDefault.prop
verticle<zskp> started
>>>ciname>>configs\tsDefault.prop
>>>ciname>>configs\rdsDefault.prop
verticle<zskp> started
>>>ciname>>configs\tsDefault.prop
>>>ciname>>configs\rdsDefault.prop
verticle<zskp> started
>>>ciname>>configs\tsDefault.prop
>>>ciname>>configs\rdsDefault.prop
verticle<zskp> started
>>>ciname>>configs\tsDefault.prop
>>>ciname>>configs\rdsDefault.prop
removeAbandoned is true, not use in productiion.
{dataSource-1} inited
verticle<zskp> started
>>>ciname>>configs\tsDefault.prop
>>>ciname>>configs\rdsDefault.prop
removeAbandoned is true, not use in productiion.
{dataSource-1} inited
